#! /usr/local/bin/vvp
:ivl_version "12.0 (stable)";
:ivl_delay_selection "TYPICAL";
:vpi_time_precision + 0;
:vpi_module "/usr/local/lib/ivl/system.vpi";
:vpi_module "/usr/local/lib/ivl/vhdl_sys.vpi";
:vpi_module "/usr/local/lib/ivl/vhdl_textio.vpi";
:vpi_module "/usr/local/lib/ivl/v2005_math.vpi";
:vpi_module "/usr/local/lib/ivl/va_math.vpi";
:vpi_module "/usr/local/lib/ivl/v2009.vpi";
S_0x378d6ba0 .scope package, "$unit" "$unit" 2 1;
 .timescale 0 0;
S_0x378d6d30 .scope module, "tb_binary_to_gray" "tb_binary_to_gray" 3 3;
 .timescale 0 0;
v0x378eeb40_0 .var "binary_in", 3 0;
v0x378eec00_0 .net "gray_out", 3 0, L_0x378ef340;  1 drivers
S_0x378b1580 .scope module, "uut" "binary_to_gray" 3 7, 4 2 0, S_0x378d6d30;
 .timescale 0 0;
    .port_info 0 /INPUT 4 "binary_in";
    .port_info 1 /OUTPUT 4 "gray_out";
L_0x378eefa0 .functor XOR 1, L_0x378eeda0, L_0x378eee40, C4<0>, C4<0>;
L_0x378ef200 .functor XOR 1, L_0x378ef090, L_0x378ef130, C4<0>, C4<0>;
L_0x378ef7b0 .functor XOR 1, L_0x378ef560, L_0x378ef600, C4<0>, C4<0>;
v0x378d7570_0 .net *"_ivl_10", 0 0, L_0x378eefa0;  1 drivers
v0x378ee050_0 .net *"_ivl_15", 0 0, L_0x378ef090;  1 drivers
v0x378ee130_0 .net *"_ivl_17", 0 0, L_0x378ef130;  1 drivers
v0x378ee220_0 .net *"_ivl_18", 0 0, L_0x378ef200;  1 drivers
v0x378ee300_0 .net *"_ivl_24", 0 0, L_0x378ef560;  1 drivers
v0x378ee430_0 .net *"_ivl_26", 0 0, L_0x378ef600;  1 drivers
v0x378ee510_0 .net *"_ivl_27", 0 0, L_0x378ef7b0;  1 drivers
v0x378ee5f0_0 .net *"_ivl_3", 0 0, L_0x378eecd0;  1 drivers
v0x378ee6d0_0 .net *"_ivl_7", 0 0, L_0x378eeda0;  1 drivers
v0x378ee840_0 .net *"_ivl_9", 0 0, L_0x378eee40;  1 drivers
v0x378ee920_0 .net "binary_in", 3 0, v0x378eeb40_0;  1 drivers
v0x378eea00_0 .net "gray_out", 3 0, L_0x378ef340;  alias, 1 drivers
L_0x378eecd0 .part v0x378eeb40_0, 3, 1;
L_0x378eeda0 .part v0x378eeb40_0, 3, 1;
L_0x378eee40 .part v0x378eeb40_0, 2, 1;
L_0x378ef090 .part v0x378eeb40_0, 2, 1;
L_0x378ef130 .part v0x378eeb40_0, 1, 1;
L_0x378ef340 .concat8 [ 1 1 1 1], L_0x378ef7b0, L_0x378ef200, L_0x378eefa0, L_0x378eecd0;
L_0x378ef560 .part v0x378eeb40_0, 1, 1;
L_0x378ef600 .part v0x378eeb40_0, 0, 1;
    .scope S_0x378d6d30;
T_0 ;
    %vpi_call/w 3 13 "$monitor", "Time = %0d, Binary = %b -> Gray = %b", $time, v0x378eeb40_0, v0x378eec00_0 {0 0 0};
    %pushi/vec4 0, 0, 4;
    %store/vec4 v0x378eeb40_0, 0, 4;
    %delay 10, 0;
    %pushi/vec4 1, 0, 4;
    %store/vec4 v0x378eeb40_0, 0, 4;
    %delay 10, 0;
    %pushi/vec4 2, 0, 4;
    %store/vec4 v0x378eeb40_0, 0, 4;
    %delay 10, 0;
    %pushi/vec4 3, 0, 4;
    %store/vec4 v0x378eeb40_0, 0, 4;
    %delay 10, 0;
    %pushi/vec4 4, 0, 4;
    %store/vec4 v0x378eeb40_0, 0, 4;
    %delay 10, 0;
    %pushi/vec4 5, 0, 4;
    %store/vec4 v0x378eeb40_0, 0, 4;
    %delay 10, 0;
    %pushi/vec4 6, 0, 4;
    %store/vec4 v0x378eeb40_0, 0, 4;
    %delay 10, 0;
    %pushi/vec4 7, 0, 4;
    %store/vec4 v0x378eeb40_0, 0, 4;
    %delay 10, 0;
    %pushi/vec4 8, 0, 4;
    %store/vec4 v0x378eeb40_0, 0, 4;
    %delay 10, 0;
    %pushi/vec4 9, 0, 4;
    %store/vec4 v0x378eeb40_0, 0, 4;
    %delay 10, 0;
    %pushi/vec4 10, 0, 4;
    %store/vec4 v0x378eeb40_0, 0, 4;
    %delay 10, 0;
    %pushi/vec4 11, 0, 4;
    %store/vec4 v0x378eeb40_0, 0, 4;
    %delay 10, 0;
    %pushi/vec4 12, 0, 4;
    %store/vec4 v0x378eeb40_0, 0, 4;
    %delay 10, 0;
    %pushi/vec4 13, 0, 4;
    %store/vec4 v0x378eeb40_0, 0, 4;
    %delay 10, 0;
    %pushi/vec4 14, 0, 4;
    %store/vec4 v0x378eeb40_0, 0, 4;
    %delay 10, 0;
    %pushi/vec4 15, 0, 4;
    %store/vec4 v0x378eeb40_0, 0, 4;
    %delay 10, 0;
    %vpi_call/w 3 32 "$finish" {0 0 0};
    %end;
    .thread T_0;
# The file index is used to find the file name in the following table.
:file_names 5;
    "N/A";
    "<interactive>";
    "-";
    "testbench.sv";
    "design.sv";
